flex version 2.5.37 usage statistics:
  scanner options: -dsvI8 -Cem -oyylex.cpp
  250/2000 NFA states
  104/1000 DFA states (616 words)
  44 rules
  Compressed tables always back-up
  1/40 start conditions
  138 epsilon states, 53 double epsilon states
  7/100 character classes needed 127/500 words of storage, 0 reused
  2376 state/nextstate pairs created
  339/2037 unique/duplicate transitions
  107/1000 base-def entries created
  246/2000 (peak 278) nxt-chk entries created
  9/2500 (peak 168) template nxt-chk entries created
  0 empty table entries
  3 protos created
  3 templates created, 69 uses
  56/256 equivalence classes created
  3/256 meta-equivalence classes created
  0 (71 saved) hash collisions, 238 DFAs equal
  0 sets of reallocations needed
  1018 total table entries needed
