scanner.l:21: warning, -s option given but default rule can be matched
flex version 2.5.37 usage statistics:
  scanner options: -dsvI8 -Cem -oyylex.cpp
  6/2000 NFA states
  4/1000 DFA states (5 words)
  0 rules
  Compressed tables always back-up
  1/40 start conditions
  5 epsilon states, 2 double epsilon states
  1/100 character classes needed 0/500 words of storage, 0 reused
  2 state/nextstate pairs created
  2/0 unique/duplicate transitions
  6/1000 base-def entries created
  4/2000 (peak 1) nxt-chk entries created
  2/2500 (peak 2) template nxt-chk entries created
  0 empty table entries
  1 protos created
  2 templates created, 2 uses
  1/256 equivalence classes created
  1/256 meta-equivalence classes created
  0 (0 saved) hash collisions, 1 DFAs equal
  0 sets of reallocations needed
  277 total table entries needed
